<?xml version="1.0" encoding="UTF-8"?>
<!-- Generated by org.testng.reporters.JUnitReportReporter -->
<testsuite skipped="0" hostname="ELW4444" name="com.hcs.client.PostRequest" tests="1" failures="0" timestamp="01 Jul 2019 12:39:49 GMT" time="4.468" errors="0">
  <testcase name="Post1" time="4.468" classname="com.hcs.client.PostRequest"/>
</testsuite> <!-- com.hcs.client.PostRequest -->
