<?xml version="1.0" encoding="UTF-8"?>
<!-- Generated by org.testng.reporters.JUnitReportReporter -->
<testsuite skipped="0" hostname="ELW4444" name="com.hcs.client.RestClient" tests="2" failures="0" timestamp="01 Jul 2019 07:04:42 GMT" time="4.676" errors="0">
  <testcase name="testResponsecode" time="1.386" classname="com.hcs.client.RestClient"/>
  <testcase name="testResponse" time="3.290" classname="com.hcs.client.RestClient"/>
</testsuite> <!-- com.hcs.client.RestClient -->
