<?xml version="1.0" encoding="UTF-8"?>
<!-- Generated by org.testng.reporters.JUnitReportReporter -->
<testsuite skipped="0" hostname="ELW4444" name="com.hcs.client.TestNG" tests="3" failures="0" timestamp="22 Jul 2019 10:03:30 GMT" time="0.007" errors="0">
  <testcase name="test" time="0.005" classname="com.hcs.client.TestNG"/>
  <testcase name="test2" time="0.001" classname="com.hcs.client.TestNG"/>
  <testcase name="test1" time="0.001" classname="com.hcs.client.TestNG"/>
</testsuite> <!-- com.hcs.client.TestNG -->
