<?xml version="1.0" encoding="UTF-8"?>
<!-- Generated by org.testng.reporters.JUnitReportReporter -->
<testsuite skipped="0" hostname="ELW4444" name="com.hcs.client.HeaderValidation_GetRequest" tests="1" failures="0" timestamp="04 Jul 2019 10:19:29 GMT" time="3.883" errors="0">
  <testcase name="getWhetherDetails" time="3.883" classname="com.hcs.client.HeaderValidation_GetRequest"/>
</testsuite> <!-- com.hcs.client.HeaderValidation_GetRequest -->
